<?xml version="1.0" encoding="UTF-8"?>
<testng-results ignored="0" total="1" passed="1" failed="0" skipped="0">
  <reporter-output>
  </reporter-output>
  <suite started-at="2021-02-19T10:18:51 PST" name="Default suite" finished-at="2021-02-19T10:18:53 PST" duration-ms="2090">
    <groups>
    </groups>
    <test started-at="2021-02-19T10:18:51 PST" name="Default test" finished-at="2021-02-19T10:18:53 PST" duration-ms="2090">
      <class name="Tests_DELETE">
        <test-method signature="test_1_delete()[pri:0, instance:Tests_DELETE@6db9f5a4]" started-at="2021-02-19T10:18:51 PST" name="test_1_delete" finished-at="2021-02-19T10:18:53 PST" duration-ms="2056" status="PASS">
          <reporter-output>
          </reporter-output>
        </test-method> <!-- test_1_delete -->
      </class> <!-- Tests_DELETE -->
    </test> <!-- Default test -->
  </suite> <!-- Default suite -->
</testng-results>
