<?xml version="1.0" encoding="UTF-8"?>
<testng-results ignored="0" total="1" passed="1" failed="0" skipped="0">
  <reporter-output>
  </reporter-output>
  <suite started-at="2021-02-18T23:20:50 PST" name="Default suite" finished-at="2021-02-18T23:20:52 PST" duration-ms="2115">
    <groups>
    </groups>
    <test started-at="2021-02-18T23:20:50 PST" name="Default test" finished-at="2021-02-18T23:20:52 PST" duration-ms="2115">
      <class name="Tests_POST">
        <test-method signature="test_1_post()[pri:0, instance:Tests_POST@6db9f5a4]" started-at="2021-02-18T23:20:50 PST" name="test_1_post" finished-at="2021-02-18T23:20:52 PST" duration-ms="2083" status="PASS">
          <reporter-output>
          </reporter-output>
        </test-method> <!-- test_1_post -->
      </class> <!-- Tests_POST -->
    </test> <!-- Default test -->
  </suite> <!-- Default suite -->
</testng-results>
